[debug] [2022-07-29T03:10:30.234Z] ----------------------------------------------------------------------
[debug] [2022-07-29T03:10:30.236Z] Command:       C:\Program Files\nodejs\node.exe C:\Users\Connor\AppData\Roaming\npm\node_modules\firebase-tools\lib\bin\firebase.js init
[debug] [2022-07-29T03:10:30.236Z] CLI Version:   11.2.2
[debug] [2022-07-29T03:10:30.236Z] Platform:      win32
[debug] [2022-07-29T03:10:30.236Z] Node Version:  v16.16.0
[debug] [2022-07-29T03:10:30.237Z] Time:          Thu Jul 28 2022 23:10:30 GMT-0400 (Eastern Daylight Time)
[debug] [2022-07-29T03:10:30.238Z] ----------------------------------------------------------------------
[debug] 
[debug] [2022-07-29T03:10:30.247Z] > command requires scopes: ["email","openid","https://www.googleapis.com/auth/cloudplatformprojects.readonly","https://www.googleapis.com/auth/firebase","https://www.googleapis.com/auth/cloud-platform"]
[debug] [2022-07-29T03:10:30.247Z] > authorizing via signed-in user (oberlin.connor@gmail.com)
[info] 
     ######## #### ########  ######## ########     ###     ######  ########
     ##        ##  ##     ## ##       ##     ##  ##   ##  ##       ##
     ######    ##  ########  ######   ########  #########  ######  ######
     ##        ##  ##    ##  ##       ##     ## ##     ##       ## ##
     ##       #### ##     ## ######## ########  ##     ##  ######  ########

You're about to initialize a Firebase project in this directory:

  C:\Users\Connor\Documents\Coding Temple\Final Project\app\dnd_site

[info] 
=== Project Setup
[info] 
[info] First, let's associate this project directory with a Firebase project.
[info] You can create multiple project aliases by running firebase use --add, 
[info] but for now we'll just set up a default project.
[info] 
[info] 
=== Hosting Setup
[info] 
[info] Your public directory is the folder (relative to your project directory) that
[info] will contain Hosting assets to be uploaded with firebase deploy. If you
[info] have a build process for your assets, use your build's output directory.
[info] 
